{
  "RSpec": {
    "coverage": {
      "/Users/Gavin/Gems/gin/spec/dummy/config/environment.rb": [
        null,
        1,
        null,
        null,
        1
      ],
      "/Users/Gavin/Gems/gin/spec/dummy/config/application.rb": [
        1,
        null,
        1,
        null,
        1,
        null,
        1,
        null,
        1,
        1,
        null,
        1,
        null,
        null,
        1,
        null,
        null,
        1,
        null,
        null,
        null,
        1,
        null,
        null,
        null
      ],
      "/Users/Gavin/Gems/gin/spec/dummy/config/boot.rb": [
        1,
        1,
        null,
        1,
        1,
        1,
        1,
        null,
        null,
        1
      ],
      "/Users/Gavin/Gems/gin/lib/gin.rb": [
        1,
        null,
        1,
        1,
        1,
        null,
        0,
        null,
        null,
        1,
        null,
        1,
        0,
        null,
        null,
        1,
        0,
        null,
        null,
        null
      ],
      "/Users/Gavin/Gems/gin/lib/gin/configuration.rb": [
        1,
        null,
        1,
        null,
        null,
        null,
        1,
        null,
        1,
        0,
        null,
        null,
        null,
        null,
        null
      ],
      "/Users/Gavin/Gems/gin/lib/gin/dry_controller.rb": [
        1,
        1,
        null,
        1,
        1,
        1,
        1,
        1,
        null,
        1,
        2,
        null,
        null,
        1,
        null,
        null,
        null,
        1,
        23,
        23,
        23,
        23,
        23,
        null,
        null,
        null,
        null,
        null,
        null,
        null
      ],
      "/Users/Gavin/Gems/gin/lib/gin/dry_controller/resources.rb": [
        1,
        1,
        1,
        null,
        1,
        35,
        35,
        35,
        35,
        null,
        null,
        1,
        null,
        1,
        48,
        null,
        null,
        1,
        5,
        null,
        null,
        1,
        41,
        null,
        null,
        1,
        14,
        null,
        null,
        1,
        108,
        null,
        null,
        1,
        null,
        1,
        193,
        11,
        11,
        null,
        null,
        182,
        null,
        null,
        null,
        1,
        18,
        null,
        null,
        1,
        137,
        null,
        null,
        null,
        null,
        null,
        null
      ],
      "/Users/Gavin/Gems/gin/lib/gin/dry_controller/flash_notices.rb": [
        1,
        1,
        1,
        null,
        1,
        23,
        null,
        null,
        null,
        1,
        20,
        null,
        5,
        null,
        15,
        null,
        null,
        null,
        1,
        null,
        1,
        4,
        null,
        null,
        1,
        4,
        null,
        null,
        1,
        3,
        null,
        null,
        1,
        31,
        31,
        31,
        11,
        null,
        20,
        20,
        null,
        null,
        null,
        null,
        null,
        null,
        null,
        null
      ],
      "/Users/Gavin/Gems/gin/lib/gin/dry_controller/redirects.rb": [
        1,
        1,
        1,
        null,
        1,
        23,
        null,
        null,
        null,
        null,
        null,
        1,
        20,
        null,
        14,
        14,
        null,
        0,
        null,
        null,
        6,
        null,
        null,
        null,
        1,
        null,
        1,
        5,
        null,
        null,
        1,
        4,
        null,
        null,
        1,
        4,
        null,
        null,
        1,
        33,
        33,
        33,
        13,
        null,
        29,
        null,
        null,
        null,
        null,
        null,
        null,
        null
      ],
      "/Users/Gavin/Gems/gin/lib/gin/dry_controller/rest_actions.rb": [
        1,
        1,
        1,
        null,
        1,
        23,
        null,
        null,
        1,
        5,
        null,
        null,
        1,
        3,
        null,
        null,
        1,
        8,
        8,
        6,
        4,
        null,
        null,
        3,
        null,
        null,
        null,
        null,
        1,
        5,
        null,
        null,
        1,
        5,
        null,
        null,
        1,
        7,
        7,
        5,
        4,
        null,
        1,
        null,
        null,
        null,
        null,
        null,
        1,
        4,
        4,
        3,
        3,
        null,
        null,
        null,
        null,
        1,
        null,
        1,
        2,
        null,
        null,
        null,
        null,
        null,
        null,
        null
      ],
      "/Users/Gavin/Gems/gin/lib/gin/dry_controller/before_filters.rb": [
        1,
        1,
        1,
        1,
        1,
        null,
        null,
        null
      ],
      "/Users/Gavin/Gems/gin/lib/gin/dry_controller/before_filters/set_resource_plural_ivar.rb": [
        1,
        1,
        1,
        1,
        null,
        1,
        5,
        null,
        5,
        0,
        null,
        null,
        5,
        5,
        null,
        null,
        null,
        null,
        null,
        null
      ],
      "/Users/Gavin/Gems/gin/lib/gin/dry_controller/before_filters/set_resource_singular_ivar.rb": [
        1,
        1,
        1,
        1,
        null,
        1,
        32,
        null,
        32,
        0,
        null,
        null,
        32,
        32,
        null,
        32,
        null,
        11,
        null,
        21,
        null,
        32,
        null,
        null,
        null,
        null,
        null,
        null,
        null
      ],
      "/Users/Gavin/Gems/gin/lib/gin/railtie.rb": [
        1,
        null,
        1,
        null,
        null,
        null,
        1,
        1,
        null,
        null,
        null,
        null,
        null,
        null,
        null,
        null,
        null,
        null
      ],
      "/Users/Gavin/Gems/gin/spec/dummy/config/environments/test.rb": [
        1,
        null,
        null,
        null,
        null,
        null,
        null,
        1,
        null,
        null,
        1,
        1,
        null,
        null,
        1,
        null,
        null,
        1,
        1,
        null,
        null,
        1,
        null,
        null,
        1,
        null,
        null,
        null,
        null,
        null,
        null,
        null,
        null,
        null,
        null,
        null,
        null,
        1,
        null
      ],
      "/Users/Gavin/Gems/gin/spec/dummy/config/initializers/backtrace_silencers.rb": [
        null,
        null,
        null,
        null,
        null,
        null,
        null
      ],
      "/Users/Gavin/Gems/gin/spec/dummy/config/initializers/inflections.rb": [
        null,
        null,
        null,
        null,
        null,
        null,
        null,
        null,
        null,
        null
      ],
      "/Users/Gavin/Gems/gin/spec/dummy/config/initializers/mime_types.rb": [
        null,
        null,
        null,
        null,
        null
      ],
      "/Users/Gavin/Gems/gin/spec/dummy/config/initializers/secret_token.rb": [
        null,
        null,
        null,
        null,
        null,
        null,
        1
      ],
      "/Users/Gavin/Gems/gin/spec/dummy/config/initializers/session_store.rb": [
        null,
        null,
        1,
        null,
        null,
        null,
        null,
        null
      ],
      "/Users/Gavin/Gems/gin/spec/dummy/config/initializers/wrap_parameters.rb": [
        null,
        null,
        null,
        null,
        null,
        null,
        1,
        null,
        null,
        1,
        1,
        null
      ],
      "/Users/Gavin/Gems/gin/spec/dummy/app/controllers/apples_controller.rb": [
        1,
        null,
        1,
        null,
        1,
        null
      ],
      "/Users/Gavin/Gems/gin/spec/dummy/app/controllers/application_controller.rb": [
        1,
        null,
        null,
        null,
        null,
        null
      ],
      "/Users/Gavin/Gems/gin/spec/dummy/app/helpers/application_helper.rb": [
        1,
        null
      ],
      "/Users/Gavin/Gems/gin/spec/dummy/app/helpers/apples_helper.rb": [
        1,
        null
      ],
      "/Users/Gavin/Gems/gin/spec/dummy/app/helpers/chickens_helper.rb": [
        1,
        null
      ],
      "/Users/Gavin/Gems/gin/spec/dummy/app/helpers/monkies_helper.rb": [
        1,
        null
      ],
      "/Users/Gavin/Gems/gin/spec/dummy/app/helpers/ninjas_helper.rb": [
        1,
        null
      ],
      "/Users/Gavin/Gems/gin/spec/dummy/app/models/apple.rb": [
        1,
        1,
        1,
        null
      ],
      "/Users/Gavin/Gems/gin/spec/dummy/app/controllers/chickens_controller.rb": [
        1,
        null,
        1,
        null,
        1,
        null,
        1,
        null,
        1,
        null,
        1,
        0,
        0,
        null,
        null,
        1,
        0,
        null,
        0,
        0,
        null,
        0,
        null,
        null,
        null,
        null,
        null
      ],
      "/Users/Gavin/Gems/gin/spec/dummy/app/models/chicken.rb": [
        1,
        1,
        null
      ],
      "/Users/Gavin/Gems/gin/spec/dummy/app/controllers/monkies_controller.rb": [
        1,
        null,
        1,
        null,
        1,
        3,
        null,
        null,
        1,
        3,
        1,
        null,
        1,
        null,
        1,
        null,
        null
      ],
      "/Users/Gavin/Gems/gin/spec/dummy/app/controllers/ninjas_controller.rb": [
        1,
        null,
        1,
        null,
        1,
        1,
        1,
        null,
        1,
        1,
        1,
        null,
        1,
        null,
        null
      ],
      "/Users/Gavin/Gems/gin/spec/dummy/config/routes.rb": [
        1,
        null,
        1,
        null,
        1,
        1,
        null,
        null,
        null
      ],
      "/Users/Gavin/Gems/gin/spec/support/specs_controller.rb": [
        1,
        null,
        1,
        1,
        null,
        null,
        1,
        null,
        null
      ],
      "/Users/Gavin/Gems/gin/spec/dummy/spec/controllers/chickens_controller_spec.rb": [
        1,
        null,
        1,
        null,
        null
      ],
      "/Users/Gavin/Gems/gin/spec/dummy/spec/controllers/monkies_controller_spec.rb": [
        1,
        null,
        null,
        null,
        null,
        null,
        null,
        null,
        1,
        null,
        1,
        null,
        1,
        2,
        2,
        null,
        null,
        1,
        2,
        null,
        null,
        1,
        1,
        1,
        null,
        null,
        1,
        1,
        1,
        null,
        null,
        null,
        null,
        1,
        null,
        1,
        2,
        2,
        2,
        null,
        null,
        1,
        2,
        null,
        null,
        1,
        1,
        1,
        null,
        null,
        1,
        1,
        1,
        null,
        null,
        null,
        null,
        1,
        null,
        1,
        1,
        1,
        1,
        null,
        null,
        1,
        1,
        null,
        null,
        1,
        1,
        1,
        null,
        null,
        null,
        null,
        null
      ],
      "/Users/Gavin/Gems/gin/spec/lib/dry_controller/before_filters_spec.rb": [
        1,
        null,
        1,
        null,
        1,
        0,
        0,
        0,
        0,
        null,
        1,
        null,
        null,
        1,
        0,
        0,
        null,
        null,
        1,
        null,
        1,
        null,
        null
      ],
      "/Users/Gavin/Gems/gin/spec/lib/dry_controller/flash_notices_spec.rb": [
        1,
        null,
        1,
        null,
        null,
        1,
        9,
        9,
        9,
        null,
        1,
        9,
        9,
        9,
        null,
        null,
        10,
        null,
        1,
        3,
        3,
        3,
        null,
        null,
        1,
        1,
        null,
        null,
        1,
        1,
        1,
        null,
        null,
        1,
        2,
        1,
        1,
        null,
        null,
        1,
        1,
        null,
        null,
        1,
        1,
        1,
        null,
        null,
        1,
        2,
        1,
        1,
        null,
        null,
        1,
        1,
        null,
        null,
        1,
        1,
        1,
        null,
        null,
        1,
        2,
        1,
        1,
        null,
        null,
        null
      ],
      "/Users/Gavin/Gems/gin/spec/lib/dry_controller/redirects_spec.rb": [
        1,
        null,
        1,
        null,
        null,
        1,
        9,
        9,
        9,
        9,
        null,
        1,
        9,
        9,
        9,
        null,
        null,
        10,
        null,
        1,
        9,
        9,
        9,
        9,
        null,
        null,
        1,
        1,
        1,
        null,
        null,
        1,
        1,
        1,
        null,
        null,
        1,
        2,
        1,
        1,
        null,
        null,
        1,
        1,
        1,
        null,
        null,
        1,
        1,
        1,
        null,
        null,
        1,
        2,
        1,
        1,
        null,
        null,
        1,
        1,
        1,
        null,
        null,
        1,
        1,
        1,
        null,
        null,
        1,
        2,
        1,
        1,
        null,
        null,
        null
      ],
      "/Users/Gavin/Gems/gin/spec/lib/dry_controller/resources_spec.rb": [
        1,
        null,
        1,
        null,
        1,
        12,
        12,
        12,
        12,
        null,
        13,
        null,
        null,
        1,
        null,
        1,
        1,
        1,
        null,
        null,
        1,
        1,
        1,
        null,
        null,
        1,
        1,
        1,
        null,
        null,
        null,
        null,
        1,
        null,
        1,
        3,
        null,
        null,
        1,
        1,
        1,
        null,
        null,
        1,
        1,
        1,
        null,
        null,
        1,
        1,
        1,
        null,
        null,
        null,
        null,
        1,
        null,
        1,
        3,
        null,
        null,
        1,
        1,
        1,
        null,
        null,
        1,
        1,
        1,
        null,
        null,
        1,
        1,
        1,
        null,
        null,
        null,
        null,
        1,
        null,
        1,
        3,
        null,
        null,
        1,
        1,
        1,
        null,
        null,
        1,
        1,
        1,
        null,
        null,
        1,
        1,
        1,
        null,
        null,
        null,
        null
      ],
      "/Users/Gavin/Gems/gin/spec/lib/gin/configuration_spec.rb": [
        1,
        null,
        1,
        null,
        null,
        null,
        null,
        null,
        null,
        null,
        null,
        null,
        null,
        null,
        null,
        null,
        null,
        null,
        null,
        null,
        null,
        null,
        null,
        null,
        null,
        null,
        null,
        null
      ],
      "/Users/Gavin/Gems/gin/spec/lib/gin_spec.rb": [
        1,
        null,
        1,
        null,
        1,
        1,
        1,
        null,
        null,
        1,
        2,
        2,
        null,
        null,
        null,
        1,
        null,
        1,
        null,
        null,
        null,
        null,
        null,
        null,
        null,
        null,
        null,
        null,
        null,
        null,
        null,
        null,
        null,
        null,
        null,
        null,
        null,
        null,
        null,
        null,
        null,
        null,
        null,
        null,
        null,
        null,
        null,
        null,
        null,
        null,
        null,
        null,
        null,
        null,
        null,
        null,
        null,
        null,
        null,
        null,
        null,
        null,
        null,
        null,
        null,
        null,
        null,
        null,
        null,
        null,
        null,
        null,
        null,
        null,
        null,
        null,
        null,
        null,
        null,
        null,
        null,
        null,
        null
      ]
    },
    "timestamp": 1327275589
  }
}
